[2022-03-27 13:11:31.451] [info]  [db] Initialized DB client
[2022-03-27 13:11:32.552] [info]  [FileSystemDriver] Initialized in "/home/ashpan/.config/Insomnia/version-control"
[2022-03-27 13:11:32.554] [info]  [FileSystemDriver] Initialized in "/home/ashpan/.config/Insomnia/version-control"
[2022-03-27 13:11:32.554] [info]  [sync] checking for collections which need to be moved into a remote project
[2022-03-27 13:11:32.600] [info]  [ga] Event Activity, Change, debug
[2022-03-27 13:11:32.600] [info]  [ga] Page /debug
[2022-03-27 13:11:42.842] [info]  [toast] Received notification linux-update-2022.2.1
[2022-03-27 13:11:42.843] [info]  [toast] Not showing notification linux-update-2022.2.1 because has already been seen
[2022-03-27 13:11:57.676] [info]  [ga] Event Modals, Show, RequestCreateModal
[2022-03-27 13:12:01.837] [info]  [ga] Event Request, Create
[2022-03-27 13:12:09.898] [error] Error: expected expression, got end of file
    at file:///tmp/.mount_InsomnCFYQvA/resources/app.asar/bundle.js:61281:26
    at /tmp/.mount_InsomnCFYQvA/resources/app.asar/node_modules/nunjucks/src/environment.js:41:5
    at RawTask.call (/tmp/.mount_InsomnCFYQvA/resources/app.asar/node_modules/asap/asap.js:40:19)
    at flush (/tmp/.mount_InsomnCFYQvA/resources/app.asar/node_modules/asap/raw.js:50:29)
    at processTicksAndRejections (internal/process/task_queues.js:79:11)
[2022-03-27 13:12:09.900] [error] Error: expected expression, got end of file
    at file:///tmp/.mount_InsomnCFYQvA/resources/app.asar/bundle.js:61281:26
    at /tmp/.mount_InsomnCFYQvA/resources/app.asar/node_modules/nunjucks/src/environment.js:41:5
    at RawTask.call (/tmp/.mount_InsomnCFYQvA/resources/app.asar/node_modules/asap/asap.js:40:19)
    at flush (/tmp/.mount_InsomnCFYQvA/resources/app.asar/node_modules/asap/raw.js:50:29)
    at processTicksAndRejections (internal/process/task_queues.js:79:11)
[2022-03-27 13:12:10.721] [error] Error: expected variable end
    at file:///tmp/.mount_InsomnCFYQvA/resources/app.asar/bundle.js:61281:26
    at /tmp/.mount_InsomnCFYQvA/resources/app.asar/node_modules/nunjucks/src/environment.js:41:5
    at RawTask.call (/tmp/.mount_InsomnCFYQvA/resources/app.asar/node_modules/asap/asap.js:40:19)
    at flush (/tmp/.mount_InsomnCFYQvA/resources/app.asar/node_modules/asap/raw.js:50:29)
    at processTicksAndRejections (internal/process/task_queues.js:79:11)
[2022-03-27 13:12:10.724] [error] Error: expected variable end
    at file:///tmp/.mount_InsomnCFYQvA/resources/app.asar/bundle.js:61281:26
    at /tmp/.mount_InsomnCFYQvA/resources/app.asar/node_modules/nunjucks/src/environment.js:41:5
    at RawTask.call (/tmp/.mount_InsomnCFYQvA/resources/app.asar/node_modules/asap/asap.js:40:19)
    at flush (/tmp/.mount_InsomnCFYQvA/resources/app.asar/node_modules/asap/raw.js:50:29)
    at processTicksAndRejections (internal/process/task_queues.js:79:11)
[2022-03-27 13:12:10.881] [error] Error: expected variable end
    at file:///tmp/.mount_InsomnCFYQvA/resources/app.asar/bundle.js:61281:26
    at /tmp/.mount_InsomnCFYQvA/resources/app.asar/node_modules/nunjucks/src/environment.js:41:5
    at RawTask.call (/tmp/.mount_InsomnCFYQvA/resources/app.asar/node_modules/asap/asap.js:40:19)
    at flush (/tmp/.mount_InsomnCFYQvA/resources/app.asar/node_modules/asap/raw.js:50:29)
    at processTicksAndRejections (internal/process/task_queues.js:79:11)
[2022-03-27 13:12:10.884] [error] Error: expected variable end
    at file:///tmp/.mount_InsomnCFYQvA/resources/app.asar/bundle.js:61281:26
    at /tmp/.mount_InsomnCFYQvA/resources/app.asar/node_modules/nunjucks/src/environment.js:41:5
    at RawTask.call (/tmp/.mount_InsomnCFYQvA/resources/app.asar/node_modules/asap/asap.js:40:19)
    at flush (/tmp/.mount_InsomnCFYQvA/resources/app.asar/node_modules/asap/raw.js:50:29)
    at processTicksAndRejections (internal/process/task_queues.js:79:11)
[2022-03-27 13:12:11.123] [error] Error: expected variable end
    at file:///tmp/.mount_InsomnCFYQvA/resources/app.asar/bundle.js:61281:26
    at /tmp/.mount_InsomnCFYQvA/resources/app.asar/node_modules/nunjucks/src/environment.js:41:5
    at RawTask.call (/tmp/.mount_InsomnCFYQvA/resources/app.asar/node_modules/asap/asap.js:40:19)
    at flush (/tmp/.mount_InsomnCFYQvA/resources/app.asar/node_modules/asap/raw.js:50:29)
    at processTicksAndRejections (internal/process/task_queues.js:79:11)
[2022-03-27 13:12:11.126] [error] Error: expected variable end
    at file:///tmp/.mount_InsomnCFYQvA/resources/app.asar/bundle.js:61281:26
    at /tmp/.mount_InsomnCFYQvA/resources/app.asar/node_modules/nunjucks/src/environment.js:41:5
    at RawTask.call (/tmp/.mount_InsomnCFYQvA/resources/app.asar/node_modules/asap/asap.js:40:19)
    at flush (/tmp/.mount_InsomnCFYQvA/resources/app.asar/node_modules/asap/raw.js:50:29)
    at processTicksAndRejections (internal/process/task_queues.js:79:11)
[2022-03-27 13:12:11.247] [error] Error: expected variable end
    at file:///tmp/.mount_InsomnCFYQvA/resources/app.asar/bundle.js:61281:26
    at /tmp/.mount_InsomnCFYQvA/resources/app.asar/node_modules/nunjucks/src/environment.js:41:5
    at RawTask.call (/tmp/.mount_InsomnCFYQvA/resources/app.asar/node_modules/asap/asap.js:40:19)
    at flush (/tmp/.mount_InsomnCFYQvA/resources/app.asar/node_modules/asap/raw.js:50:29)
    at processTicksAndRejections (internal/process/task_queues.js:79:11)
[2022-03-27 13:12:11.250] [error] Error: expected variable end
    at file:///tmp/.mount_InsomnCFYQvA/resources/app.asar/bundle.js:61281:26
    at /tmp/.mount_InsomnCFYQvA/resources/app.asar/node_modules/nunjucks/src/environment.js:41:5
    at RawTask.call (/tmp/.mount_InsomnCFYQvA/resources/app.asar/node_modules/asap/asap.js:40:19)
    at flush (/tmp/.mount_InsomnCFYQvA/resources/app.asar/node_modules/asap/raw.js:50:29)
    at processTicksAndRejections (internal/process/task_queues.js:79:11)
[2022-03-27 13:12:11.597] [error] Error: expected variable end
    at file:///tmp/.mount_InsomnCFYQvA/resources/app.asar/bundle.js:61281:26
    at /tmp/.mount_InsomnCFYQvA/resources/app.asar/node_modules/nunjucks/src/environment.js:41:5
    at RawTask.call (/tmp/.mount_InsomnCFYQvA/resources/app.asar/node_modules/asap/asap.js:40:19)
    at flush (/tmp/.mount_InsomnCFYQvA/resources/app.asar/node_modules/asap/raw.js:50:29)
    at processTicksAndRejections (internal/process/task_queues.js:79:11)
[2022-03-27 13:12:11.598] [error] Error: expected variable end
    at file:///tmp/.mount_InsomnCFYQvA/resources/app.asar/bundle.js:61281:26
    at /tmp/.mount_InsomnCFYQvA/resources/app.asar/node_modules/nunjucks/src/environment.js:41:5
    at RawTask.call (/tmp/.mount_InsomnCFYQvA/resources/app.asar/node_modules/asap/asap.js:40:19)
    at flush (/tmp/.mount_InsomnCFYQvA/resources/app.asar/node_modules/asap/raw.js:50:29)
    at processTicksAndRejections (internal/process/task_queues.js:79:11)
[2022-03-27 13:12:11.899] [error] Error: expected variable end
    at file:///tmp/.mount_InsomnCFYQvA/resources/app.asar/bundle.js:61281:26
    at /tmp/.mount_InsomnCFYQvA/resources/app.asar/node_modules/nunjucks/src/environment.js:41:5
    at RawTask.call (/tmp/.mount_InsomnCFYQvA/resources/app.asar/node_modules/asap/asap.js:40:19)
    at flush (/tmp/.mount_InsomnCFYQvA/resources/app.asar/node_modules/asap/raw.js:50:29)
    at processTicksAndRejections (internal/process/task_queues.js:79:11)
[2022-03-27 13:12:11.902] [error] Error: expected variable end
    at file:///tmp/.mount_InsomnCFYQvA/resources/app.asar/bundle.js:61281:26
    at /tmp/.mount_InsomnCFYQvA/resources/app.asar/node_modules/nunjucks/src/environment.js:41:5
    at RawTask.call (/tmp/.mount_InsomnCFYQvA/resources/app.asar/node_modules/asap/asap.js:40:19)
    at flush (/tmp/.mount_InsomnCFYQvA/resources/app.asar/node_modules/asap/raw.js:50:29)
    at processTicksAndRejections (internal/process/task_queues.js:79:11)
[2022-03-27 13:12:12.819] [error] Error: expected variable end
    at file:///tmp/.mount_InsomnCFYQvA/resources/app.asar/bundle.js:61281:26
    at /tmp/.mount_InsomnCFYQvA/resources/app.asar/node_modules/nunjucks/src/environment.js:41:5
    at RawTask.call (/tmp/.mount_InsomnCFYQvA/resources/app.asar/node_modules/asap/asap.js:40:19)
    at flush (/tmp/.mount_InsomnCFYQvA/resources/app.asar/node_modules/asap/raw.js:50:29)
    at processTicksAndRejections (internal/process/task_queues.js:79:11)
[2022-03-27 13:12:12.820] [error] Error: expected variable end
    at file:///tmp/.mount_InsomnCFYQvA/resources/app.asar/bundle.js:61281:26
    at /tmp/.mount_InsomnCFYQvA/resources/app.asar/node_modules/nunjucks/src/environment.js:41:5
    at RawTask.call (/tmp/.mount_InsomnCFYQvA/resources/app.asar/node_modules/asap/asap.js:40:19)
    at flush (/tmp/.mount_InsomnCFYQvA/resources/app.asar/node_modules/asap/raw.js:50:29)
    at processTicksAndRejections (internal/process/task_queues.js:79:11)
[2022-03-27 13:12:13.082] [error] Error: expected variable end
    at file:///tmp/.mount_InsomnCFYQvA/resources/app.asar/bundle.js:61281:26
    at /tmp/.mount_InsomnCFYQvA/resources/app.asar/node_modules/nunjucks/src/environment.js:41:5
    at RawTask.call (/tmp/.mount_InsomnCFYQvA/resources/app.asar/node_modules/asap/asap.js:40:19)
    at flush (/tmp/.mount_InsomnCFYQvA/resources/app.asar/node_modules/asap/raw.js:50:29)
    at processTicksAndRejections (internal/process/task_queues.js:79:11)
[2022-03-27 13:12:13.084] [error] Error: expected variable end
    at file:///tmp/.mount_InsomnCFYQvA/resources/app.asar/bundle.js:61281:26
    at /tmp/.mount_InsomnCFYQvA/resources/app.asar/node_modules/nunjucks/src/environment.js:41:5
    at RawTask.call (/tmp/.mount_InsomnCFYQvA/resources/app.asar/node_modules/asap/asap.js:40:19)
    at flush (/tmp/.mount_InsomnCFYQvA/resources/app.asar/node_modules/asap/raw.js:50:29)
    at processTicksAndRejections (internal/process/task_queues.js:79:11)
[2022-03-27 13:12:13.202] [error] Error: expected variable end
    at file:///tmp/.mount_InsomnCFYQvA/resources/app.asar/bundle.js:61281:26
    at /tmp/.mount_InsomnCFYQvA/resources/app.asar/node_modules/nunjucks/src/environment.js:41:5
    at RawTask.call (/tmp/.mount_InsomnCFYQvA/resources/app.asar/node_modules/asap/asap.js:40:19)
    at flush (/tmp/.mount_InsomnCFYQvA/resources/app.asar/node_modules/asap/raw.js:50:29)
    at processTicksAndRejections (internal/process/task_queues.js:79:11)
[2022-03-27 13:12:13.202] [error] Error: expected variable end
    at file:///tmp/.mount_InsomnCFYQvA/resources/app.asar/bundle.js:61281:26
    at /tmp/.mount_InsomnCFYQvA/resources/app.asar/node_modules/nunjucks/src/environment.js:41:5
    at RawTask.call (/tmp/.mount_InsomnCFYQvA/resources/app.asar/node_modules/asap/asap.js:40:19)
    at flush (/tmp/.mount_InsomnCFYQvA/resources/app.asar/node_modules/asap/raw.js:50:29)
    at processTicksAndRejections (internal/process/task_queues.js:79:11)
[2022-03-27 13:12:13.375] [error] Error: expected variable end
    at file:///tmp/.mount_InsomnCFYQvA/resources/app.asar/bundle.js:61281:26
    at /tmp/.mount_InsomnCFYQvA/resources/app.asar/node_modules/nunjucks/src/environment.js:41:5
    at RawTask.call (/tmp/.mount_InsomnCFYQvA/resources/app.asar/node_modules/asap/asap.js:40:19)
    at flush (/tmp/.mount_InsomnCFYQvA/resources/app.asar/node_modules/asap/raw.js:50:29)
    at processTicksAndRejections (internal/process/task_queues.js:79:11)
[2022-03-27 13:12:13.388] [error] Error: expected variable end
    at file:///tmp/.mount_InsomnCFYQvA/resources/app.asar/bundle.js:61281:26
    at /tmp/.mount_InsomnCFYQvA/resources/app.asar/node_modules/nunjucks/src/environment.js:41:5
    at RawTask.call (/tmp/.mount_InsomnCFYQvA/resources/app.asar/node_modules/asap/asap.js:40:19)
    at flush (/tmp/.mount_InsomnCFYQvA/resources/app.asar/node_modules/asap/raw.js:50:29)
    at processTicksAndRejections (internal/process/task_queues.js:79:11)
[2022-03-27 13:12:13.725] [error] Error: expected variable end
    at file:///tmp/.mount_InsomnCFYQvA/resources/app.asar/bundle.js:61281:26
    at /tmp/.mount_InsomnCFYQvA/resources/app.asar/node_modules/nunjucks/src/environment.js:41:5
    at RawTask.call (/tmp/.mount_InsomnCFYQvA/resources/app.asar/node_modules/asap/asap.js:40:19)
    at flush (/tmp/.mount_InsomnCFYQvA/resources/app.asar/node_modules/asap/raw.js:50:29)
    at processTicksAndRejections (internal/process/task_queues.js:79:11)
[2022-03-27 13:12:13.727] [error] Error: expected variable end
    at file:///tmp/.mount_InsomnCFYQvA/resources/app.asar/bundle.js:61281:26
    at /tmp/.mount_InsomnCFYQvA/resources/app.asar/node_modules/nunjucks/src/environment.js:41:5
    at RawTask.call (/tmp/.mount_InsomnCFYQvA/resources/app.asar/node_modules/asap/asap.js:40:19)
    at flush (/tmp/.mount_InsomnCFYQvA/resources/app.asar/node_modules/asap/raw.js:50:29)
    at processTicksAndRejections (internal/process/task_queues.js:79:11)
[2022-03-27 13:12:13.879] [error] Error: attempted to output null or undefined value
    at file:///tmp/.mount_InsomnCFYQvA/resources/app.asar/bundle.js:61281:26
    at /tmp/.mount_InsomnCFYQvA/resources/app.asar/node_modules/nunjucks/src/environment.js:41:5
    at RawTask.call (/tmp/.mount_InsomnCFYQvA/resources/app.asar/node_modules/asap/asap.js:40:19)
    at flush (/tmp/.mount_InsomnCFYQvA/resources/app.asar/node_modules/asap/raw.js:50:29)
    at processTicksAndRejections (internal/process/task_queues.js:79:11)
[2022-03-27 13:12:13.880] [error] Error: attempted to output null or undefined value
    at file:///tmp/.mount_InsomnCFYQvA/resources/app.asar/bundle.js:61281:26
    at /tmp/.mount_InsomnCFYQvA/resources/app.asar/node_modules/nunjucks/src/environment.js:41:5
    at RawTask.call (/tmp/.mount_InsomnCFYQvA/resources/app.asar/node_modules/asap/asap.js:40:19)
    at flush (/tmp/.mount_InsomnCFYQvA/resources/app.asar/node_modules/asap/raw.js:50:29)
    at processTicksAndRejections (internal/process/task_queues.js:79:11)
[2022-03-27 13:12:14.311] [error] Error: attempted to output null or undefined value
    at file:///tmp/.mount_InsomnCFYQvA/resources/app.asar/bundle.js:61281:26
    at /tmp/.mount_InsomnCFYQvA/resources/app.asar/node_modules/nunjucks/src/environment.js:41:5
    at RawTask.call (/tmp/.mount_InsomnCFYQvA/resources/app.asar/node_modules/asap/asap.js:40:19)
    at flush (/tmp/.mount_InsomnCFYQvA/resources/app.asar/node_modules/asap/raw.js:50:29)
    at processTicksAndRejections (internal/process/task_queues.js:79:11)
[2022-03-27 13:12:14.312] [error] Error: attempted to output null or undefined value
    at file:///tmp/.mount_InsomnCFYQvA/resources/app.asar/bundle.js:61281:26
    at /tmp/.mount_InsomnCFYQvA/resources/app.asar/node_modules/nunjucks/src/environment.js:41:5
    at RawTask.call (/tmp/.mount_InsomnCFYQvA/resources/app.asar/node_modules/asap/asap.js:40:19)
    at flush (/tmp/.mount_InsomnCFYQvA/resources/app.asar/node_modules/asap/raw.js:50:29)
    at processTicksAndRejections (internal/process/task_queues.js:79:11)
[2022-03-27 13:12:45.950] [error] Error: attempted to output null or undefined value
    at file:///tmp/.mount_InsomnCFYQvA/resources/app.asar/bundle.js:61281:26
    at /tmp/.mount_InsomnCFYQvA/resources/app.asar/node_modules/nunjucks/src/environment.js:41:5
    at RawTask.call (/tmp/.mount_InsomnCFYQvA/resources/app.asar/node_modules/asap/asap.js:40:19)
    at flush (/tmp/.mount_InsomnCFYQvA/resources/app.asar/node_modules/asap/raw.js:50:29)
    at processTicksAndRejections (internal/process/task_queues.js:79:11)
[2022-03-27 13:12:45.953] [error] Error: attempted to output null or undefined value
    at file:///tmp/.mount_InsomnCFYQvA/resources/app.asar/bundle.js:61281:26
    at /tmp/.mount_InsomnCFYQvA/resources/app.asar/node_modules/nunjucks/src/environment.js:41:5
    at RawTask.call (/tmp/.mount_InsomnCFYQvA/resources/app.asar/node_modules/asap/asap.js:40:19)
    at flush (/tmp/.mount_InsomnCFYQvA/resources/app.asar/node_modules/asap/raw.js:50:29)
    at processTicksAndRejections (internal/process/task_queues.js:79:11)
[2022-03-27 13:12:46.074] [error] Error: attempted to output null or undefined value
    at file:///tmp/.mount_InsomnCFYQvA/resources/app.asar/bundle.js:61281:26
    at /tmp/.mount_InsomnCFYQvA/resources/app.asar/node_modules/nunjucks/src/environment.js:41:5
    at RawTask.call (/tmp/.mount_InsomnCFYQvA/resources/app.asar/node_modules/asap/asap.js:40:19)
    at flush (/tmp/.mount_InsomnCFYQvA/resources/app.asar/node_modules/asap/raw.js:50:29)
    at processTicksAndRejections (internal/process/task_queues.js:79:11)
[2022-03-27 13:12:46.076] [error] Error: attempted to output null or undefined value
    at file:///tmp/.mount_InsomnCFYQvA/resources/app.asar/bundle.js:61281:26
    at /tmp/.mount_InsomnCFYQvA/resources/app.asar/node_modules/nunjucks/src/environment.js:41:5
    at RawTask.call (/tmp/.mount_InsomnCFYQvA/resources/app.asar/node_modules/asap/asap.js:40:19)
    at flush (/tmp/.mount_InsomnCFYQvA/resources/app.asar/node_modules/asap/raw.js:50:29)
    at processTicksAndRejections (internal/process/task_queues.js:79:11)
[2022-03-27 13:12:46.195] [error] Error: attempted to output null or undefined value
    at file:///tmp/.mount_InsomnCFYQvA/resources/app.asar/bundle.js:61281:26
    at /tmp/.mount_InsomnCFYQvA/resources/app.asar/node_modules/nunjucks/src/environment.js:41:5
    at RawTask.call (/tmp/.mount_InsomnCFYQvA/resources/app.asar/node_modules/asap/asap.js:40:19)
    at flush (/tmp/.mount_InsomnCFYQvA/resources/app.asar/node_modules/asap/raw.js:50:29)
    at processTicksAndRejections (internal/process/task_queues.js:79:11)
[2022-03-27 13:12:46.197] [error] Error: attempted to output null or undefined value
    at file:///tmp/.mount_InsomnCFYQvA/resources/app.asar/bundle.js:61281:26
    at /tmp/.mount_InsomnCFYQvA/resources/app.asar/node_modules/nunjucks/src/environment.js:41:5
    at RawTask.call (/tmp/.mount_InsomnCFYQvA/resources/app.asar/node_modules/asap/asap.js:40:19)
    at flush (/tmp/.mount_InsomnCFYQvA/resources/app.asar/node_modules/asap/raw.js:50:29)
    at processTicksAndRejections (internal/process/task_queues.js:79:11)
[2022-03-27 13:12:46.725] [error] Error: attempted to output null or undefined value
    at file:///tmp/.mount_InsomnCFYQvA/resources/app.asar/bundle.js:61281:26
    at /tmp/.mount_InsomnCFYQvA/resources/app.asar/node_modules/nunjucks/src/environment.js:41:5
    at RawTask.call (/tmp/.mount_InsomnCFYQvA/resources/app.asar/node_modules/asap/asap.js:40:19)
    at flush (/tmp/.mount_InsomnCFYQvA/resources/app.asar/node_modules/asap/raw.js:50:29)
    at processTicksAndRejections (internal/process/task_queues.js:79:11)
[2022-03-27 13:12:46.728] [error] Error: attempted to output null or undefined value
    at file:///tmp/.mount_InsomnCFYQvA/resources/app.asar/bundle.js:61281:26
    at /tmp/.mount_InsomnCFYQvA/resources/app.asar/node_modules/nunjucks/src/environment.js:41:5
    at RawTask.call (/tmp/.mount_InsomnCFYQvA/resources/app.asar/node_modules/asap/asap.js:40:19)
    at flush (/tmp/.mount_InsomnCFYQvA/resources/app.asar/node_modules/asap/raw.js:50:29)
    at processTicksAndRejections (internal/process/task_queues.js:79:11)
[2022-03-27 13:12:46.900] [error] Error: attempted to output null or undefined value
    at file:///tmp/.mount_InsomnCFYQvA/resources/app.asar/bundle.js:61281:26
    at /tmp/.mount_InsomnCFYQvA/resources/app.asar/node_modules/nunjucks/src/environment.js:41:5
    at RawTask.call (/tmp/.mount_InsomnCFYQvA/resources/app.asar/node_modules/asap/asap.js:40:19)
    at flush (/tmp/.mount_InsomnCFYQvA/resources/app.asar/node_modules/asap/raw.js:50:29)
    at processTicksAndRejections (internal/process/task_queues.js:79:11)
[2022-03-27 13:12:46.901] [error] Error: attempted to output null or undefined value
    at file:///tmp/.mount_InsomnCFYQvA/resources/app.asar/bundle.js:61281:26
    at /tmp/.mount_InsomnCFYQvA/resources/app.asar/node_modules/nunjucks/src/environment.js:41:5
    at RawTask.call (/tmp/.mount_InsomnCFYQvA/resources/app.asar/node_modules/asap/asap.js:40:19)
    at flush (/tmp/.mount_InsomnCFYQvA/resources/app.asar/node_modules/asap/raw.js:50:29)
    at processTicksAndRejections (internal/process/task_queues.js:79:11)
[2022-03-27 13:12:47.042] [error] Error: attempted to output null or undefined value
    at file:///tmp/.mount_InsomnCFYQvA/resources/app.asar/bundle.js:61281:26
    at /tmp/.mount_InsomnCFYQvA/resources/app.asar/node_modules/nunjucks/src/environment.js:41:5
    at RawTask.call (/tmp/.mount_InsomnCFYQvA/resources/app.asar/node_modules/asap/asap.js:40:19)
    at flush (/tmp/.mount_InsomnCFYQvA/resources/app.asar/node_modules/asap/raw.js:50:29)
    at processTicksAndRejections (internal/process/task_queues.js:79:11)
[2022-03-27 13:12:47.044] [error] Error: attempted to output null or undefined value
    at file:///tmp/.mount_InsomnCFYQvA/resources/app.asar/bundle.js:61281:26
    at /tmp/.mount_InsomnCFYQvA/resources/app.asar/node_modules/nunjucks/src/environment.js:41:5
    at RawTask.call (/tmp/.mount_InsomnCFYQvA/resources/app.asar/node_modules/asap/asap.js:40:19)
    at flush (/tmp/.mount_InsomnCFYQvA/resources/app.asar/node_modules/asap/raw.js:50:29)
    at processTicksAndRejections (internal/process/task_queues.js:79:11)
[2022-03-27 13:12:47.881] [error] Error: attempted to output null or undefined value
    at file:///tmp/.mount_InsomnCFYQvA/resources/app.asar/bundle.js:61281:26
    at /tmp/.mount_InsomnCFYQvA/resources/app.asar/node_modules/nunjucks/src/environment.js:41:5
    at RawTask.call (/tmp/.mount_InsomnCFYQvA/resources/app.asar/node_modules/asap/asap.js:40:19)
    at flush (/tmp/.mount_InsomnCFYQvA/resources/app.asar/node_modules/asap/raw.js:50:29)
    at processTicksAndRejections (internal/process/task_queues.js:79:11)
[2022-03-27 13:12:47.883] [error] Error: attempted to output null or undefined value
    at file:///tmp/.mount_InsomnCFYQvA/resources/app.asar/bundle.js:61281:26
    at /tmp/.mount_InsomnCFYQvA/resources/app.asar/node_modules/nunjucks/src/environment.js:41:5
    at RawTask.call (/tmp/.mount_InsomnCFYQvA/resources/app.asar/node_modules/asap/asap.js:40:19)
    at flush (/tmp/.mount_InsomnCFYQvA/resources/app.asar/node_modules/asap/raw.js:50:29)
    at processTicksAndRejections (internal/process/task_queues.js:79:11)
[2022-03-27 13:12:48.265] [error] Error: attempted to output null or undefined value
    at file:///tmp/.mount_InsomnCFYQvA/resources/app.asar/bundle.js:61281:26
    at /tmp/.mount_InsomnCFYQvA/resources/app.asar/node_modules/nunjucks/src/environment.js:41:5
    at RawTask.call (/tmp/.mount_InsomnCFYQvA/resources/app.asar/node_modules/asap/asap.js:40:19)
    at flush (/tmp/.mount_InsomnCFYQvA/resources/app.asar/node_modules/asap/raw.js:50:29)
    at processTicksAndRejections (internal/process/task_queues.js:79:11)
[2022-03-27 13:12:48.266] [error] Error: attempted to output null or undefined value
    at file:///tmp/.mount_InsomnCFYQvA/resources/app.asar/bundle.js:61281:26
    at /tmp/.mount_InsomnCFYQvA/resources/app.asar/node_modules/nunjucks/src/environment.js:41:5
    at RawTask.call (/tmp/.mount_InsomnCFYQvA/resources/app.asar/node_modules/asap/asap.js:40:19)
    at flush (/tmp/.mount_InsomnCFYQvA/resources/app.asar/node_modules/asap/raw.js:50:29)
    at processTicksAndRejections (internal/process/task_queues.js:79:11)
[2022-03-27 13:12:48.653] [error] Error: attempted to output null or undefined value
    at file:///tmp/.mount_InsomnCFYQvA/resources/app.asar/bundle.js:61281:26
    at /tmp/.mount_InsomnCFYQvA/resources/app.asar/node_modules/nunjucks/src/environment.js:41:5
    at RawTask.call (/tmp/.mount_InsomnCFYQvA/resources/app.asar/node_modules/asap/asap.js:40:19)
    at flush (/tmp/.mount_InsomnCFYQvA/resources/app.asar/node_modules/asap/raw.js:50:29)
    at processTicksAndRejections (internal/process/task_queues.js:79:11)
[2022-03-27 13:12:48.654] [error] Error: attempted to output null or undefined value
    at file:///tmp/.mount_InsomnCFYQvA/resources/app.asar/bundle.js:61281:26
    at /tmp/.mount_InsomnCFYQvA/resources/app.asar/node_modules/nunjucks/src/environment.js:41:5
    at RawTask.call (/tmp/.mount_InsomnCFYQvA/resources/app.asar/node_modules/asap/asap.js:40:19)
    at flush (/tmp/.mount_InsomnCFYQvA/resources/app.asar/node_modules/asap/raw.js:50:29)
    at processTicksAndRejections (internal/process/task_queues.js:79:11)
[2022-03-27 13:12:48.886] [error] Error: attempted to output null or undefined value
    at file:///tmp/.mount_InsomnCFYQvA/resources/app.asar/bundle.js:61281:26
    at /tmp/.mount_InsomnCFYQvA/resources/app.asar/node_modules/nunjucks/src/environment.js:41:5
    at RawTask.call (/tmp/.mount_InsomnCFYQvA/resources/app.asar/node_modules/asap/asap.js:40:19)
    at flush (/tmp/.mount_InsomnCFYQvA/resources/app.asar/node_modules/asap/raw.js:50:29)
    at processTicksAndRejections (internal/process/task_queues.js:79:11)
[2022-03-27 13:12:48.888] [error] Error: attempted to output null or undefined value
    at file:///tmp/.mount_InsomnCFYQvA/resources/app.asar/bundle.js:61281:26
    at /tmp/.mount_InsomnCFYQvA/resources/app.asar/node_modules/nunjucks/src/environment.js:41:5
    at RawTask.call (/tmp/.mount_InsomnCFYQvA/resources/app.asar/node_modules/asap/asap.js:40:19)
    at flush (/tmp/.mount_InsomnCFYQvA/resources/app.asar/node_modules/asap/raw.js:50:29)
    at processTicksAndRejections (internal/process/task_queues.js:79:11)
[2022-03-27 13:12:50.829] [error] Error: attempted to output null or undefined value
    at file:///tmp/.mount_InsomnCFYQvA/resources/app.asar/bundle.js:61281:26
    at /tmp/.mount_InsomnCFYQvA/resources/app.asar/node_modules/nunjucks/src/environment.js:41:5
    at RawTask.call (/tmp/.mount_InsomnCFYQvA/resources/app.asar/node_modules/asap/asap.js:40:19)
    at flush (/tmp/.mount_InsomnCFYQvA/resources/app.asar/node_modules/asap/raw.js:50:29)
    at processTicksAndRejections (internal/process/task_queues.js:79:11)
[2022-03-27 13:12:50.831] [error] Error: attempted to output null or undefined value
    at file:///tmp/.mount_InsomnCFYQvA/resources/app.asar/bundle.js:61281:26
    at /tmp/.mount_InsomnCFYQvA/resources/app.asar/node_modules/nunjucks/src/environment.js:41:5
    at RawTask.call (/tmp/.mount_InsomnCFYQvA/resources/app.asar/node_modules/asap/asap.js:40:19)
    at flush (/tmp/.mount_InsomnCFYQvA/resources/app.asar/node_modules/asap/raw.js:50:29)
    at processTicksAndRejections (internal/process/task_queues.js:79:11)
[2022-03-27 13:12:50.974] [error] Error: attempted to output null or undefined value
    at file:///tmp/.mount_InsomnCFYQvA/resources/app.asar/bundle.js:61281:26
    at /tmp/.mount_InsomnCFYQvA/resources/app.asar/node_modules/nunjucks/src/environment.js:41:5
    at RawTask.call (/tmp/.mount_InsomnCFYQvA/resources/app.asar/node_modules/asap/asap.js:40:19)
    at flush (/tmp/.mount_InsomnCFYQvA/resources/app.asar/node_modules/asap/raw.js:50:29)
    at processTicksAndRejections (internal/process/task_queues.js:79:11)
[2022-03-27 13:12:50.976] [error] Error: attempted to output null or undefined value
    at file:///tmp/.mount_InsomnCFYQvA/resources/app.asar/bundle.js:61281:26
    at /tmp/.mount_InsomnCFYQvA/resources/app.asar/node_modules/nunjucks/src/environment.js:41:5
    at RawTask.call (/tmp/.mount_InsomnCFYQvA/resources/app.asar/node_modules/asap/asap.js:40:19)
    at flush (/tmp/.mount_InsomnCFYQvA/resources/app.asar/node_modules/asap/raw.js:50:29)
    at processTicksAndRejections (internal/process/task_queues.js:79:11)
[2022-03-27 13:12:54.371] [error] Error: attempted to output null or undefined value
    at file:///tmp/.mount_InsomnCFYQvA/resources/app.asar/bundle.js:61281:26
    at /tmp/.mount_InsomnCFYQvA/resources/app.asar/node_modules/nunjucks/src/environment.js:41:5
    at RawTask.call (/tmp/.mount_InsomnCFYQvA/resources/app.asar/node_modules/asap/asap.js:40:19)
    at flush (/tmp/.mount_InsomnCFYQvA/resources/app.asar/node_modules/asap/raw.js:50:29)
    at processTicksAndRejections (internal/process/task_queues.js:79:11)
[2022-03-27 13:12:54.373] [error] Error: attempted to output null or undefined value
    at file:///tmp/.mount_InsomnCFYQvA/resources/app.asar/bundle.js:61281:26
    at /tmp/.mount_InsomnCFYQvA/resources/app.asar/node_modules/nunjucks/src/environment.js:41:5
    at RawTask.call (/tmp/.mount_InsomnCFYQvA/resources/app.asar/node_modules/asap/asap.js:40:19)
    at flush (/tmp/.mount_InsomnCFYQvA/resources/app.asar/node_modules/asap/raw.js:50:29)
    at processTicksAndRejections (internal/process/task_queues.js:79:11)
[2022-03-27 13:12:54.636] [error] Error: attempted to output null or undefined value
    at file:///tmp/.mount_InsomnCFYQvA/resources/app.asar/bundle.js:61281:26
    at /tmp/.mount_InsomnCFYQvA/resources/app.asar/node_modules/nunjucks/src/environment.js:41:5
    at RawTask.call (/tmp/.mount_InsomnCFYQvA/resources/app.asar/node_modules/asap/asap.js:40:19)
    at flush (/tmp/.mount_InsomnCFYQvA/resources/app.asar/node_modules/asap/raw.js:50:29)
    at processTicksAndRejections (internal/process/task_queues.js:79:11)
[2022-03-27 13:12:54.637] [error] Error: attempted to output null or undefined value
    at file:///tmp/.mount_InsomnCFYQvA/resources/app.asar/bundle.js:61281:26
    at /tmp/.mount_InsomnCFYQvA/resources/app.asar/node_modules/nunjucks/src/environment.js:41:5
    at RawTask.call (/tmp/.mount_InsomnCFYQvA/resources/app.asar/node_modules/asap/asap.js:40:19)
    at flush (/tmp/.mount_InsomnCFYQvA/resources/app.asar/node_modules/asap/raw.js:50:29)
    at processTicksAndRejections (internal/process/task_queues.js:79:11)
[2022-03-27 13:12:54.771] [error] Error: attempted to output null or undefined value
    at file:///tmp/.mount_InsomnCFYQvA/resources/app.asar/bundle.js:61281:26
    at /tmp/.mount_InsomnCFYQvA/resources/app.asar/node_modules/nunjucks/src/environment.js:41:5
    at RawTask.call (/tmp/.mount_InsomnCFYQvA/resources/app.asar/node_modules/asap/asap.js:40:19)
    at flush (/tmp/.mount_InsomnCFYQvA/resources/app.asar/node_modules/asap/raw.js:50:29)
    at processTicksAndRejections (internal/process/task_queues.js:79:11)
[2022-03-27 13:12:54.773] [error] Error: attempted to output null or undefined value
    at file:///tmp/.mount_InsomnCFYQvA/resources/app.asar/bundle.js:61281:26
    at /tmp/.mount_InsomnCFYQvA/resources/app.asar/node_modules/nunjucks/src/environment.js:41:5
    at RawTask.call (/tmp/.mount_InsomnCFYQvA/resources/app.asar/node_modules/asap/asap.js:40:19)
    at flush (/tmp/.mount_InsomnCFYQvA/resources/app.asar/node_modules/asap/raw.js:50:29)
    at processTicksAndRejections (internal/process/task_queues.js:79:11)
[2022-03-27 13:12:55.061] [error] Error: attempted to output null or undefined value
    at file:///tmp/.mount_InsomnCFYQvA/resources/app.asar/bundle.js:61281:26
    at /tmp/.mount_InsomnCFYQvA/resources/app.asar/node_modules/nunjucks/src/environment.js:41:5
    at RawTask.call (/tmp/.mount_InsomnCFYQvA/resources/app.asar/node_modules/asap/asap.js:40:19)
    at flush (/tmp/.mount_InsomnCFYQvA/resources/app.asar/node_modules/asap/raw.js:50:29)
    at processTicksAndRejections (internal/process/task_queues.js:79:11)
[2022-03-27 13:12:55.062] [error] Error: attempted to output null or undefined value
    at file:///tmp/.mount_InsomnCFYQvA/resources/app.asar/bundle.js:61281:26
    at /tmp/.mount_InsomnCFYQvA/resources/app.asar/node_modules/nunjucks/src/environment.js:41:5
    at RawTask.call (/tmp/.mount_InsomnCFYQvA/resources/app.asar/node_modules/asap/asap.js:40:19)
    at flush (/tmp/.mount_InsomnCFYQvA/resources/app.asar/node_modules/asap/raw.js:50:29)
    at processTicksAndRejections (internal/process/task_queues.js:79:11)
[2022-03-27 13:12:55.233] [error] Error: attempted to output null or undefined value
    at file:///tmp/.mount_InsomnCFYQvA/resources/app.asar/bundle.js:61281:26
    at /tmp/.mount_InsomnCFYQvA/resources/app.asar/node_modules/nunjucks/src/environment.js:41:5
    at RawTask.call (/tmp/.mount_InsomnCFYQvA/resources/app.asar/node_modules/asap/asap.js:40:19)
    at flush (/tmp/.mount_InsomnCFYQvA/resources/app.asar/node_modules/asap/raw.js:50:29)
    at processTicksAndRejections (internal/process/task_queues.js:79:11)
[2022-03-27 13:12:55.239] [error] Error: attempted to output null or undefined value
    at file:///tmp/.mount_InsomnCFYQvA/resources/app.asar/bundle.js:61281:26
    at /tmp/.mount_InsomnCFYQvA/resources/app.asar/node_modules/nunjucks/src/environment.js:41:5
    at RawTask.call (/tmp/.mount_InsomnCFYQvA/resources/app.asar/node_modules/asap/asap.js:40:19)
    at flush (/tmp/.mount_InsomnCFYQvA/resources/app.asar/node_modules/asap/raw.js:50:29)
    at processTicksAndRejections (internal/process/task_queues.js:79:11)
[2022-03-27 13:12:55.438] [error] Error: attempted to output null or undefined value
    at file:///tmp/.mount_InsomnCFYQvA/resources/app.asar/bundle.js:61281:26
    at /tmp/.mount_InsomnCFYQvA/resources/app.asar/node_modules/nunjucks/src/environment.js:41:5
    at RawTask.call (/tmp/.mount_InsomnCFYQvA/resources/app.asar/node_modules/asap/asap.js:40:19)
    at flush (/tmp/.mount_InsomnCFYQvA/resources/app.asar/node_modules/asap/raw.js:50:29)
    at processTicksAndRejections (internal/process/task_queues.js:79:11)
[2022-03-27 13:12:55.440] [error] Error: attempted to output null or undefined value
    at file:///tmp/.mount_InsomnCFYQvA/resources/app.asar/bundle.js:61281:26
    at /tmp/.mount_InsomnCFYQvA/resources/app.asar/node_modules/nunjucks/src/environment.js:41:5
    at RawTask.call (/tmp/.mount_InsomnCFYQvA/resources/app.asar/node_modules/asap/asap.js:40:19)
    at flush (/tmp/.mount_InsomnCFYQvA/resources/app.asar/node_modules/asap/raw.js:50:29)
    at processTicksAndRejections (internal/process/task_queues.js:79:11)
[2022-03-27 13:12:55.606] [error] Error: attempted to output null or undefined value
    at file:///tmp/.mount_InsomnCFYQvA/resources/app.asar/bundle.js:61281:26
    at /tmp/.mount_InsomnCFYQvA/resources/app.asar/node_modules/nunjucks/src/environment.js:41:5
    at RawTask.call (/tmp/.mount_InsomnCFYQvA/resources/app.asar/node_modules/asap/asap.js:40:19)
    at flush (/tmp/.mount_InsomnCFYQvA/resources/app.asar/node_modules/asap/raw.js:50:29)
    at processTicksAndRejections (internal/process/task_queues.js:79:11)
[2022-03-27 13:12:55.608] [error] Error: attempted to output null or undefined value
    at file:///tmp/.mount_InsomnCFYQvA/resources/app.asar/bundle.js:61281:26
    at /tmp/.mount_InsomnCFYQvA/resources/app.asar/node_modules/nunjucks/src/environment.js:41:5
    at RawTask.call (/tmp/.mount_InsomnCFYQvA/resources/app.asar/node_modules/asap/asap.js:40:19)
    at flush (/tmp/.mount_InsomnCFYQvA/resources/app.asar/node_modules/asap/raw.js:50:29)
    at processTicksAndRejections (internal/process/task_queues.js:79:11)
[2022-03-27 13:12:55.774] [error] Error: attempted to output null or undefined value
    at file:///tmp/.mount_InsomnCFYQvA/resources/app.asar/bundle.js:61281:26
    at /tmp/.mount_InsomnCFYQvA/resources/app.asar/node_modules/nunjucks/src/environment.js:41:5
    at RawTask.call (/tmp/.mount_InsomnCFYQvA/resources/app.asar/node_modules/asap/asap.js:40:19)
    at flush (/tmp/.mount_InsomnCFYQvA/resources/app.asar/node_modules/asap/raw.js:50:29)
    at processTicksAndRejections (internal/process/task_queues.js:79:11)
[2022-03-27 13:12:55.775] [error] Error: attempted to output null or undefined value
    at file:///tmp/.mount_InsomnCFYQvA/resources/app.asar/bundle.js:61281:26
    at /tmp/.mount_InsomnCFYQvA/resources/app.asar/node_modules/nunjucks/src/environment.js:41:5
    at RawTask.call (/tmp/.mount_InsomnCFYQvA/resources/app.asar/node_modules/asap/asap.js:40:19)
    at flush (/tmp/.mount_InsomnCFYQvA/resources/app.asar/node_modules/asap/raw.js:50:29)
    at processTicksAndRejections (internal/process/task_queues.js:79:11)
[2022-03-27 13:12:56.021] [error] Error: attempted to output null or undefined value
    at file:///tmp/.mount_InsomnCFYQvA/resources/app.asar/bundle.js:61281:26
    at /tmp/.mount_InsomnCFYQvA/resources/app.asar/node_modules/nunjucks/src/environment.js:41:5
    at RawTask.call (/tmp/.mount_InsomnCFYQvA/resources/app.asar/node_modules/asap/asap.js:40:19)
    at flush (/tmp/.mount_InsomnCFYQvA/resources/app.asar/node_modules/asap/raw.js:50:29)
    at processTicksAndRejections (internal/process/task_queues.js:79:11)
[2022-03-27 13:12:56.023] [error] Error: attempted to output null or undefined value
    at file:///tmp/.mount_InsomnCFYQvA/resources/app.asar/bundle.js:61281:26
    at /tmp/.mount_InsomnCFYQvA/resources/app.asar/node_modules/nunjucks/src/environment.js:41:5
    at RawTask.call (/tmp/.mount_InsomnCFYQvA/resources/app.asar/node_modules/asap/asap.js:40:19)
    at flush (/tmp/.mount_InsomnCFYQvA/resources/app.asar/node_modules/asap/raw.js:50:29)
    at processTicksAndRejections (internal/process/task_queues.js:79:11)
[2022-03-27 13:12:56.140] [error] Error: attempted to output null or undefined value
    at file:///tmp/.mount_InsomnCFYQvA/resources/app.asar/bundle.js:61281:26
    at /tmp/.mount_InsomnCFYQvA/resources/app.asar/node_modules/nunjucks/src/environment.js:41:5
    at RawTask.call (/tmp/.mount_InsomnCFYQvA/resources/app.asar/node_modules/asap/asap.js:40:19)
    at flush (/tmp/.mount_InsomnCFYQvA/resources/app.asar/node_modules/asap/raw.js:50:29)
    at processTicksAndRejections (internal/process/task_queues.js:79:11)
[2022-03-27 13:12:56.141] [error] Error: attempted to output null or undefined value
    at file:///tmp/.mount_InsomnCFYQvA/resources/app.asar/bundle.js:61281:26
    at /tmp/.mount_InsomnCFYQvA/resources/app.asar/node_modules/nunjucks/src/environment.js:41:5
    at RawTask.call (/tmp/.mount_InsomnCFYQvA/resources/app.asar/node_modules/asap/asap.js:40:19)
    at flush (/tmp/.mount_InsomnCFYQvA/resources/app.asar/node_modules/asap/raw.js:50:29)
    at processTicksAndRejections (internal/process/task_queues.js:79:11)
[2022-03-27 13:12:56.317] [error] Error: attempted to output null or undefined value
    at file:///tmp/.mount_InsomnCFYQvA/resources/app.asar/bundle.js:61281:26
    at /tmp/.mount_InsomnCFYQvA/resources/app.asar/node_modules/nunjucks/src/environment.js:41:5
    at RawTask.call (/tmp/.mount_InsomnCFYQvA/resources/app.asar/node_modules/asap/asap.js:40:19)
    at flush (/tmp/.mount_InsomnCFYQvA/resources/app.asar/node_modules/asap/raw.js:50:29)
    at processTicksAndRejections (internal/process/task_queues.js:79:11)
[2022-03-27 13:12:56.319] [error] Error: attempted to output null or undefined value
    at file:///tmp/.mount_InsomnCFYQvA/resources/app.asar/bundle.js:61281:26
    at /tmp/.mount_InsomnCFYQvA/resources/app.asar/node_modules/nunjucks/src/environment.js:41:5
    at RawTask.call (/tmp/.mount_InsomnCFYQvA/resources/app.asar/node_modules/asap/asap.js:40:19)
    at flush (/tmp/.mount_InsomnCFYQvA/resources/app.asar/node_modules/asap/raw.js:50:29)
    at processTicksAndRejections (internal/process/task_queues.js:79:11)
[2022-03-27 13:12:56.448] [error] Error: attempted to output null or undefined value
    at file:///tmp/.mount_InsomnCFYQvA/resources/app.asar/bundle.js:61281:26
    at /tmp/.mount_InsomnCFYQvA/resources/app.asar/node_modules/nunjucks/src/environment.js:41:5
    at RawTask.call (/tmp/.mount_InsomnCFYQvA/resources/app.asar/node_modules/asap/asap.js:40:19)
    at flush (/tmp/.mount_InsomnCFYQvA/resources/app.asar/node_modules/asap/raw.js:50:29)
    at processTicksAndRejections (internal/process/task_queues.js:79:11)
[2022-03-27 13:12:56.451] [error] Error: attempted to output null or undefined value
    at file:///tmp/.mount_InsomnCFYQvA/resources/app.asar/bundle.js:61281:26
    at /tmp/.mount_InsomnCFYQvA/resources/app.asar/node_modules/nunjucks/src/environment.js:41:5
    at RawTask.call (/tmp/.mount_InsomnCFYQvA/resources/app.asar/node_modules/asap/asap.js:40:19)
    at flush (/tmp/.mount_InsomnCFYQvA/resources/app.asar/node_modules/asap/raw.js:50:29)
    at processTicksAndRejections (internal/process/task_queues.js:79:11)
[2022-03-27 13:12:56.904] [error] Error: attempted to output null or undefined value
    at file:///tmp/.mount_InsomnCFYQvA/resources/app.asar/bundle.js:61281:26
    at /tmp/.mount_InsomnCFYQvA/resources/app.asar/node_modules/nunjucks/src/environment.js:41:5
    at RawTask.call (/tmp/.mount_InsomnCFYQvA/resources/app.asar/node_modules/asap/asap.js:40:19)
    at flush (/tmp/.mount_InsomnCFYQvA/resources/app.asar/node_modules/asap/raw.js:50:29)
    at processTicksAndRejections (internal/process/task_queues.js:79:11)
[2022-03-27 13:12:56.905] [error] Error: attempted to output null or undefined value
    at file:///tmp/.mount_InsomnCFYQvA/resources/app.asar/bundle.js:61281:26
    at /tmp/.mount_InsomnCFYQvA/resources/app.asar/node_modules/nunjucks/src/environment.js:41:5
    at RawTask.call (/tmp/.mount_InsomnCFYQvA/resources/app.asar/node_modules/asap/asap.js:40:19)
    at flush (/tmp/.mount_InsomnCFYQvA/resources/app.asar/node_modules/asap/raw.js:50:29)
    at processTicksAndRejections (internal/process/task_queues.js:79:11)
[2022-03-27 13:13:01.479] [error] Error: attempted to output null or undefined value
    at file:///tmp/.mount_InsomnCFYQvA/resources/app.asar/bundle.js:61281:26
    at /tmp/.mount_InsomnCFYQvA/resources/app.asar/node_modules/nunjucks/src/environment.js:41:5
    at RawTask.call (/tmp/.mount_InsomnCFYQvA/resources/app.asar/node_modules/asap/asap.js:40:19)
    at flush (/tmp/.mount_InsomnCFYQvA/resources/app.asar/node_modules/asap/raw.js:50:29)
    at processTicksAndRejections (internal/process/task_queues.js:79:11)
[2022-03-27 13:13:01.480] [error] Error: attempted to output null or undefined value
    at file:///tmp/.mount_InsomnCFYQvA/resources/app.asar/bundle.js:61281:26
    at /tmp/.mount_InsomnCFYQvA/resources/app.asar/node_modules/nunjucks/src/environment.js:41:5
    at RawTask.call (/tmp/.mount_InsomnCFYQvA/resources/app.asar/node_modules/asap/asap.js:40:19)
    at flush (/tmp/.mount_InsomnCFYQvA/resources/app.asar/node_modules/asap/raw.js:50:29)
    at processTicksAndRejections (internal/process/task_queues.js:79:11)
[2022-03-27 13:13:01.639] [error] Error: attempted to output null or undefined value
    at file:///tmp/.mount_InsomnCFYQvA/resources/app.asar/bundle.js:61281:26
    at /tmp/.mount_InsomnCFYQvA/resources/app.asar/node_modules/nunjucks/src/environment.js:41:5
    at RawTask.call (/tmp/.mount_InsomnCFYQvA/resources/app.asar/node_modules/asap/asap.js:40:19)
    at flush (/tmp/.mount_InsomnCFYQvA/resources/app.asar/node_modules/asap/raw.js:50:29)
    at processTicksAndRejections (internal/process/task_queues.js:79:11)
[2022-03-27 13:13:01.640] [error] Error: attempted to output null or undefined value
    at file:///tmp/.mount_InsomnCFYQvA/resources/app.asar/bundle.js:61281:26
    at /tmp/.mount_InsomnCFYQvA/resources/app.asar/node_modules/nunjucks/src/environment.js:41:5
    at RawTask.call (/tmp/.mount_InsomnCFYQvA/resources/app.asar/node_modules/asap/asap.js:40:19)
    at flush (/tmp/.mount_InsomnCFYQvA/resources/app.asar/node_modules/asap/raw.js:50:29)
    at processTicksAndRejections (internal/process/task_queues.js:79:11)
[2022-03-27 13:13:01.753] [error] Error: attempted to output null or undefined value
    at file:///tmp/.mount_InsomnCFYQvA/resources/app.asar/bundle.js:61281:26
    at /tmp/.mount_InsomnCFYQvA/resources/app.asar/node_modules/nunjucks/src/environment.js:41:5
    at RawTask.call (/tmp/.mount_InsomnCFYQvA/resources/app.asar/node_modules/asap/asap.js:40:19)
    at flush (/tmp/.mount_InsomnCFYQvA/resources/app.asar/node_modules/asap/raw.js:50:29)
    at processTicksAndRejections (internal/process/task_queues.js:79:11)
[2022-03-27 13:13:01.755] [error] Error: attempted to output null or undefined value
    at file:///tmp/.mount_InsomnCFYQvA/resources/app.asar/bundle.js:61281:26
    at /tmp/.mount_InsomnCFYQvA/resources/app.asar/node_modules/nunjucks/src/environment.js:41:5
    at RawTask.call (/tmp/.mount_InsomnCFYQvA/resources/app.asar/node_modules/asap/asap.js:40:19)
    at flush (/tmp/.mount_InsomnCFYQvA/resources/app.asar/node_modules/asap/raw.js:50:29)
    at processTicksAndRejections (internal/process/task_queues.js:79:11)
[2022-03-27 13:13:03.346] [error] Error: attempted to output null or undefined value
    at file:///tmp/.mount_InsomnCFYQvA/resources/app.asar/bundle.js:61281:26
    at /tmp/.mount_InsomnCFYQvA/resources/app.asar/node_modules/nunjucks/src/environment.js:41:5
    at RawTask.call (/tmp/.mount_InsomnCFYQvA/resources/app.asar/node_modules/asap/asap.js:40:19)
    at flush (/tmp/.mount_InsomnCFYQvA/resources/app.asar/node_modules/asap/raw.js:50:29)
    at processTicksAndRejections (internal/process/task_queues.js:79:11)
[2022-03-27 13:13:03.347] [error] Error: attempted to output null or undefined value
    at file:///tmp/.mount_InsomnCFYQvA/resources/app.asar/bundle.js:61281:26
    at /tmp/.mount_InsomnCFYQvA/resources/app.asar/node_modules/nunjucks/src/environment.js:41:5
    at RawTask.call (/tmp/.mount_InsomnCFYQvA/resources/app.asar/node_modules/asap/asap.js:40:19)
    at flush (/tmp/.mount_InsomnCFYQvA/resources/app.asar/node_modules/asap/raw.js:50:29)
    at processTicksAndRejections (internal/process/task_queues.js:79:11)
[2022-03-27 13:13:03.605] [error] Error: attempted to output null or undefined value
    at file:///tmp/.mount_InsomnCFYQvA/resources/app.asar/bundle.js:61281:26
    at /tmp/.mount_InsomnCFYQvA/resources/app.asar/node_modules/nunjucks/src/environment.js:41:5
    at RawTask.call (/tmp/.mount_InsomnCFYQvA/resources/app.asar/node_modules/asap/asap.js:40:19)
    at flush (/tmp/.mount_InsomnCFYQvA/resources/app.asar/node_modules/asap/raw.js:50:29)
    at processTicksAndRejections (internal/process/task_queues.js:79:11)
[2022-03-27 13:13:03.607] [error] Error: attempted to output null or undefined value
    at file:///tmp/.mount_InsomnCFYQvA/resources/app.asar/bundle.js:61281:26
    at /tmp/.mount_InsomnCFYQvA/resources/app.asar/node_modules/nunjucks/src/environment.js:41:5
    at RawTask.call (/tmp/.mount_InsomnCFYQvA/resources/app.asar/node_modules/asap/asap.js:40:19)
    at flush (/tmp/.mount_InsomnCFYQvA/resources/app.asar/node_modules/asap/raw.js:50:29)
    at processTicksAndRejections (internal/process/task_queues.js:79:11)
[2022-03-27 13:13:03.734] [error] Error: attempted to output null or undefined value
    at file:///tmp/.mount_InsomnCFYQvA/resources/app.asar/bundle.js:61281:26
    at /tmp/.mount_InsomnCFYQvA/resources/app.asar/node_modules/nunjucks/src/environment.js:41:5
    at RawTask.call (/tmp/.mount_InsomnCFYQvA/resources/app.asar/node_modules/asap/asap.js:40:19)
    at flush (/tmp/.mount_InsomnCFYQvA/resources/app.asar/node_modules/asap/raw.js:50:29)
    at processTicksAndRejections (internal/process/task_queues.js:79:11)
[2022-03-27 13:13:03.735] [error] Error: attempted to output null or undefined value
    at file:///tmp/.mount_InsomnCFYQvA/resources/app.asar/bundle.js:61281:26
    at /tmp/.mount_InsomnCFYQvA/resources/app.asar/node_modules/nunjucks/src/environment.js:41:5
    at RawTask.call (/tmp/.mount_InsomnCFYQvA/resources/app.asar/node_modules/asap/asap.js:40:19)
    at flush (/tmp/.mount_InsomnCFYQvA/resources/app.asar/node_modules/asap/raw.js:50:29)
    at processTicksAndRejections (internal/process/task_queues.js:79:11)
[2022-03-27 13:13:04.010] [error] Error: attempted to output null or undefined value
    at file:///tmp/.mount_InsomnCFYQvA/resources/app.asar/bundle.js:61281:26
    at /tmp/.mount_InsomnCFYQvA/resources/app.asar/node_modules/nunjucks/src/environment.js:41:5
    at RawTask.call (/tmp/.mount_InsomnCFYQvA/resources/app.asar/node_modules/asap/asap.js:40:19)
    at flush (/tmp/.mount_InsomnCFYQvA/resources/app.asar/node_modules/asap/raw.js:50:29)
    at processTicksAndRejections (internal/process/task_queues.js:79:11)
[2022-03-27 13:13:04.013] [error] Error: attempted to output null or undefined value
    at file:///tmp/.mount_InsomnCFYQvA/resources/app.asar/bundle.js:61281:26
    at /tmp/.mount_InsomnCFYQvA/resources/app.asar/node_modules/nunjucks/src/environment.js:41:5
    at RawTask.call (/tmp/.mount_InsomnCFYQvA/resources/app.asar/node_modules/asap/asap.js:40:19)
    at flush (/tmp/.mount_InsomnCFYQvA/resources/app.asar/node_modules/asap/raw.js:50:29)
    at processTicksAndRejections (internal/process/task_queues.js:79:11)
[2022-03-27 13:13:07.215] [info]  [ga] Event Modals, Show, NunjucksModal
[2022-03-27 13:13:07.412] [error] Uncaught Error TypeError: Cannot read property 'style' of null
    at file:///tmp/.mount_InsomnCFYQvA/resources/app.asar/bundle.js:206505:15
[2022-03-27 13:13:07.413] [info]  [ga] Event Error, Uncaught Error
[2022-03-27 13:13:07.429] [error] Uncaught Error TypeError: Cannot read property 'style' of null
    at file:///tmp/.mount_InsomnCFYQvA/resources/app.asar/bundle.js:206505:15
[2022-03-27 13:13:07.429] [info]  [ga] Event Error, Uncaught Error
[2022-03-27 13:13:14.834] [info]  [ga] Event Modals, Show, NunjucksModal
[2022-03-27 13:13:18.469] [info]  [network] Sending req=req_081f0ff789cf41ed97c85a93f4889ad1 env=n/a
[2022-03-27 13:13:18.514] [info]  [net] Set CA to /tmp/insomnia_2021.7.2/ca-certs.pem
[2022-03-27 13:13:21.468] [info]  [network] Response failed req=req_081f0ff789cf41ed97c85a93f4889ad1 err=Request was cancelled
[2022-03-27 13:13:27.934] [info]  [ga] Event Modals, Show, WorkspaceEnvironmentsEditModal
[2022-03-27 13:13:28.524] [info]  [App] Forcing update from environment change [
  'update',
  {
    _id: 'env_bab1665920c0bd2bba8895babdc86e9593aceba6',
    type: 'Environment',
    parentId: 'wrk_5331805a1bcb4d709f5c8c591dc02996',
    modified: 1648401208508,
    created: 1645120486324,
    name: 'Base Environment',
    data: {
      auth_url: 'https://d3kdp9dqujs00k.cloudfront.net',
      local_auth: '192.168.68.115:5001',
      config_url: 'https://d22n8yer1yb325.cloudfront.net',
      local_config: 'http://10.22.33.88:5002',
      metric_url: 'https://d1tnj7mtmlnog4.cloudfront.net',
      local_metric: 'http://10.22.33.88:5003',
      metrics_no_s: 'http://team1325scoutingmetricsprod-env-1.eba-qtrv2bdt.ca-central-1.elasticbeanstalk.com/',
      instance_id: 'Team1325'
    },
    dataPropertyOrder: {
      '&': [
        'auth_url',
        'local_auth',
        'config_url',
        'local_config',
        'metric_url',
        'local_metric',
        'metrics_no_s',
        'instance_id'
      ]
    },
    color: null,
    isPrivate: false,
    metaSortKey: 1645120486324
  },
  false
]
[2022-03-27 13:13:40.558] [info]  [App] Forcing update from environment change [
  'update',
  {
    _id: 'env_bab1665920c0bd2bba8895babdc86e9593aceba6',
    type: 'Environment',
    parentId: 'wrk_5331805a1bcb4d709f5c8c591dc02996',
    modified: 1648401220500,
    created: 1645120486324,
    name: 'Base Environment',
    data: {
      auth_url: 'https://d3kdp9dqujs00k.cloudfront.net',
      local_auth: '192.168.68.115:5001',
      config_url: 'https://d22n8yer1yb325.cloudfront.net',
      local_config: 'http://10.22.33.88:5002',
      metric_url: 'https://d1tnj7mtmlnog4.cloudfront.net',
      local_metric: 'http://192.168.68.115:5003',
      metrics_no_s: 'http://team1325scoutingmetricsprod-env-1.eba-qtrv2bdt.ca-central-1.elasticbeanstalk.com/',
      instance_id: 'Team1325'
    },
    dataPropertyOrder: {
      '&': [
        'auth_url',
        'local_auth',
        'config_url',
        'local_config',
        'metric_url',
        'local_metric',
        'metrics_no_s',
        'instance_id'
      ]
    },
    color: null,
    isPrivate: false,
    metaSortKey: 1645120486324
  },
  false
]
[2022-03-27 13:13:42.489] [info]  [network] Sending req=req_081f0ff789cf41ed97c85a93f4889ad1 env=n/a
[2022-03-27 13:13:42.542] [info]  [network] Response succeeded req=req_081f0ff789cf41ed97c85a93f4889ad1 status=404
[2022-03-27 13:14:19.078] [info]  [network] Sending req=req_081f0ff789cf41ed97c85a93f4889ad1 env=n/a
[2022-03-27 13:14:19.117] [info]  [network] Response succeeded req=req_081f0ff789cf41ed97c85a93f4889ad1 status=500
[2022-03-27 13:14:46.012] [info]  [network] Sending req=req_081f0ff789cf41ed97c85a93f4889ad1 env=n/a
[2022-03-27 13:14:46.051] [info]  [network] Response succeeded req=req_081f0ff789cf41ed97c85a93f4889ad1 status=500
[2022-03-27 13:14:53.265] [info]  [network] Sending req=req_a99732e0dfb3422abc24ebba1756f9f0 env=n/a
[2022-03-27 13:14:53.692] [info]  [network] Response succeeded req=req_a99732e0dfb3422abc24ebba1756f9f0 status=200
[2022-03-27 13:15:05.156] [info]  [network] Sending req=req_081f0ff789cf41ed97c85a93f4889ad1 env=n/a
[2022-03-27 13:15:05.527] [info]  [network] Response succeeded req=req_081f0ff789cf41ed97c85a93f4889ad1 status=400
[2022-03-27 13:16:16.190] [info]  [network] Sending req=req_081f0ff789cf41ed97c85a93f4889ad1 env=n/a
[2022-03-27 13:16:16.223] [info]  [network] Response succeeded req=req_081f0ff789cf41ed97c85a93f4889ad1 status=400
[2022-03-27 13:16:58.959] [info]  [network] Sending req=req_081f0ff789cf41ed97c85a93f4889ad1 env=n/a
[2022-03-27 13:16:59.222] [info]  [network] Response succeeded req=req_081f0ff789cf41ed97c85a93f4889ad1 status=500
[2022-03-27 13:17:20.241] [info]  [network] Sending req=req_081f0ff789cf41ed97c85a93f4889ad1 env=n/a
[2022-03-27 13:17:20.492] [info]  [network] Response succeeded req=req_081f0ff789cf41ed97c85a93f4889ad1 status=401
[2022-03-27 13:17:29.438] [info]  [network] Sending req=req_a99732e0dfb3422abc24ebba1756f9f0 env=n/a
[2022-03-27 13:17:30.233] [info]  [network] Response succeeded req=req_a99732e0dfb3422abc24ebba1756f9f0 status=200
[2022-03-27 13:17:56.553] [info]  [network] Sending req=req_081f0ff789cf41ed97c85a93f4889ad1 env=n/a
[2022-03-27 13:17:56.632] [info]  [network] Response succeeded req=req_081f0ff789cf41ed97c85a93f4889ad1 status=401
[2022-03-27 13:18:38.778] [info]  [network] Sending req=req_081f0ff789cf41ed97c85a93f4889ad1 env=n/a
[2022-03-27 13:18:39.054] [info]  [network] Response succeeded req=req_081f0ff789cf41ed97c85a93f4889ad1 status=401
[2022-03-27 13:18:59.138] [info]  [ga] Event Modals, Show, PromptModal
[2022-03-27 13:19:10.694] [info]  [network] Sending req=req_4d714dc027304337b5e5938302c30da0 env=n/a
[2022-03-27 13:19:10.833] [info]  [network] Response succeeded req=req_4d714dc027304337b5e5938302c30da0 status=200
[2022-03-27 13:19:49.294] [info]  [network] Sending req=req_081f0ff789cf41ed97c85a93f4889ad1 env=n/a
[2022-03-27 13:19:49.564] [info]  [network] Response succeeded req=req_081f0ff789cf41ed97c85a93f4889ad1 status=401
[2022-03-27 13:20:29.399] [info]  [network] Sending req=req_081f0ff789cf41ed97c85a93f4889ad1 env=n/a
[2022-03-27 13:20:29.669] [info]  [network] Response succeeded req=req_081f0ff789cf41ed97c85a93f4889ad1 status=401
[2022-03-27 13:21:44.257] [info]  [network] Sending req=req_081f0ff789cf41ed97c85a93f4889ad1 env=n/a
[2022-03-27 13:21:44.531] [info]  [network] Response succeeded req=req_081f0ff789cf41ed97c85a93f4889ad1 status=401
[2022-03-27 13:22:09.487] [info]  [network] Sending req=req_081f0ff789cf41ed97c85a93f4889ad1 env=n/a
[2022-03-27 13:22:09.563] [info]  [network] Response succeeded req=req_081f0ff789cf41ed97c85a93f4889ad1 status=401
[2022-03-27 13:24:47.719] [info]  [network] Sending req=req_081f0ff789cf41ed97c85a93f4889ad1 env=n/a
[2022-03-27 13:24:47.792] [info]  [network] Response succeeded req=req_081f0ff789cf41ed97c85a93f4889ad1 status=401
[2022-03-27 13:24:50.356] [info]  [network] Sending req=req_081f0ff789cf41ed97c85a93f4889ad1 env=n/a
[2022-03-27 13:24:50.435] [info]  [network] Response succeeded req=req_081f0ff789cf41ed97c85a93f4889ad1 status=401
[2022-03-27 13:25:07.002] [info]  [network] Sending req=req_081f0ff789cf41ed97c85a93f4889ad1 env=n/a
[2022-03-27 13:25:07.073] [info]  [network] Response succeeded req=req_081f0ff789cf41ed97c85a93f4889ad1 status=401
[2022-03-27 13:32:33.132] [info]  [network] Sending req=req_081f0ff789cf41ed97c85a93f4889ad1 env=n/a
[2022-03-27 13:32:33.406] [info]  [network] Response succeeded req=req_081f0ff789cf41ed97c85a93f4889ad1 status=401
[2022-03-27 13:32:57.534] [info]  [ga] Event Modals, Show, NunjucksModal
[2022-03-27 13:33:01.602] [info]  [network] Sending req=req_a99732e0dfb3422abc24ebba1756f9f0 env=n/a
[2022-03-27 13:33:01.648] [info]  [network] Response succeeded req=req_a99732e0dfb3422abc24ebba1756f9f0 status=200
[2022-03-27 13:33:04.613] [info]  [ga] Event Modals, Show, NunjucksModal
[2022-03-27 13:33:49.027] [info]  [network] Sending req=req_081f0ff789cf41ed97c85a93f4889ad1 env=n/a
[2022-03-27 13:33:49.297] [info]  [network] Response succeeded req=req_081f0ff789cf41ed97c85a93f4889ad1 status=401
[2022-03-27 13:34:21.167] [info]  [network] Sending req=req_081f0ff789cf41ed97c85a93f4889ad1 env=n/a
[2022-03-27 13:34:21.242] [info]  [network] Response succeeded req=req_081f0ff789cf41ed97c85a93f4889ad1 status=401
[2022-03-27 13:35:31.886] [info]  [network] Sending req=req_081f0ff789cf41ed97c85a93f4889ad1 env=n/a
[2022-03-27 13:35:32.243] [info]  [network] Response succeeded req=req_081f0ff789cf41ed97c85a93f4889ad1 status=500
[2022-03-27 13:35:49.745] [info]  [network] Sending req=req_081f0ff789cf41ed97c85a93f4889ad1 env=n/a
[2022-03-27 13:35:50.071] [info]  [network] Response succeeded req=req_081f0ff789cf41ed97c85a93f4889ad1 status=500
[2022-03-27 13:36:06.707] [info]  [network] Sending req=req_081f0ff789cf41ed97c85a93f4889ad1 env=n/a
[2022-03-27 13:36:13.011] [info]  [network] Response succeeded req=req_081f0ff789cf41ed97c85a93f4889ad1 status=200
[2022-03-27 13:36:53.249] [info]  [network] Sending req=req_081f0ff789cf41ed97c85a93f4889ad1 env=n/a
[2022-03-27 13:36:54.502] [info]  [network] Response succeeded req=req_081f0ff789cf41ed97c85a93f4889ad1 status=400
[2022-03-27 13:37:00.352] [info]  [network] Sending req=req_081f0ff789cf41ed97c85a93f4889ad1 env=n/a
[2022-03-27 13:37:06.338] [info]  [network] Response succeeded req=req_081f0ff789cf41ed97c85a93f4889ad1 status=200
[2022-03-27 13:41:32.718] [info]  [toast] Received notification linux-update-2022.2.1
[2022-03-27 13:41:32.719] [info]  [toast] Not showing notification linux-update-2022.2.1 because has already been seen
[2022-03-27 14:11:32.690] [info]  [toast] Received notification linux-update-2022.2.1
[2022-03-27 14:11:32.690] [info]  [toast] Not showing notification linux-update-2022.2.1 because has already been seen
[2022-03-27 14:41:32.687] [info]  [toast] Received notification linux-update-2022.2.1
[2022-03-27 14:41:32.687] [info]  [toast] Not showing notification linux-update-2022.2.1 because has already been seen
[2022-03-27 15:11:32.685] [info]  [toast] Received notification linux-update-2022.2.1
[2022-03-27 15:11:32.686] [info]  [toast] Not showing notification linux-update-2022.2.1 because has already been seen
[2022-03-27 15:41:32.692] [info]  [toast] Received notification linux-update-2022.2.1
[2022-03-27 15:41:32.692] [info]  [toast] Not showing notification linux-update-2022.2.1 because has already been seen
[2022-03-27 16:11:32.693] [info]  [toast] Received notification linux-update-2022.2.1
[2022-03-27 16:11:32.693] [info]  [toast] Not showing notification linux-update-2022.2.1 because has already been seen
[2022-03-27 16:41:32.710] [info]  [toast] Received notification linux-update-2022.2.1
[2022-03-27 16:41:32.710] [info]  [toast] Not showing notification linux-update-2022.2.1 because has already been seen
[2022-03-27 17:11:32.694] [info]  [toast] Received notification linux-update-2022.2.1
[2022-03-27 17:11:32.694] [info]  [toast] Not showing notification linux-update-2022.2.1 because has already been seen
[2022-03-27 17:41:32.711] [info]  [toast] Received notification linux-update-2022.2.1
[2022-03-27 17:41:32.712] [info]  [toast] Not showing notification linux-update-2022.2.1 because has already been seen
[2022-03-27 18:11:32.697] [info]  [toast] Received notification linux-update-2022.2.1
[2022-03-27 18:11:32.697] [info]  [toast] Not showing notification linux-update-2022.2.1 because has already been seen
[2022-03-27 18:41:32.808] [info]  [toast] Received notification linux-update-2022.2.1
[2022-03-27 18:41:32.809] [info]  [toast] Not showing notification linux-update-2022.2.1 because has already been seen
[2022-03-27 19:11:32.733] [info]  [toast] Received notification linux-update-2022.2.1
[2022-03-27 19:11:32.735] [info]  [toast] Not showing notification linux-update-2022.2.1 because has already been seen
[2022-03-27 19:41:32.739] [info]  [toast] Received notification linux-update-2022.2.1
[2022-03-27 19:41:32.740] [info]  [toast] Not showing notification linux-update-2022.2.1 because has already been seen
[2022-03-27 20:11:32.674] [info]  [toast] Received notification linux-update-2022.2.1
[2022-03-27 20:11:32.675] [info]  [toast] Not showing notification linux-update-2022.2.1 because has already been seen
