2021-11-03 14:50:03,725 [Worker-0: Loading available Gradle versions] INFO  o.e.b.c.i.u.g.PublishedGradleVersions - Gradle version information cache is up-to-date. Trying to read.
2021-11-03 14:50:05,278 [Worker-1: Initialize Workspace] INFO  o.e.m.c.i.e.AbstractTransferListenerAdapter - Downloading https://repo.maven.apache.org/maven2/org/jboss/spec/jboss-javaee-7.0/1.0.3.Final/jboss-javaee-7.0-1.0.3.Final.pom
2021-11-03 14:50:05,299 [Worker-1: Initialize Workspace] INFO  o.e.m.c.i.e.AbstractTransferListenerAdapter - Downloaded https://repo.maven.apache.org/maven2/org/jboss/spec/jboss-javaee-7.0/1.0.3.Final/jboss-javaee-7.0-1.0.3.Final.pom
2021-11-03 14:50:05,312 [Worker-1: Initialize Workspace] WARN  o.e.m.c.i.markers.MarkerUtils - Could not find OSGI service for org.eclipse.m2e.core.internal.markers.IEditorMarkerService
2021-11-03 14:50:05,412 [Worker-1: Initialize Workspace] INFO  o.e.m.c.i.e.AbstractTransferListenerAdapter - Downloading https://repo.maven.apache.org/maven2/org/apache/maven/plugins/maven-war-plugin/2.2/maven-war-plugin-2.2.jar
2021-11-03 14:50:05,455 [Worker-1: Initialize Workspace] INFO  o.e.m.c.i.e.AbstractTransferListenerAdapter - Downloaded https://repo.maven.apache.org/maven2/org/apache/maven/plugins/maven-war-plugin/2.2/maven-war-plugin-2.2.jar
2021-11-03 14:50:05,873 [Worker-1: Initialize Workspace] INFO  o.e.m.c.i.l.LifecycleMappingFactory - Using org.eclipse.m2e.jdt.JarLifecycleMapping lifecycle mapping for MavenProject: org.wildfly.security.examples:simple-webapp:1.0.0.Alpha1-SNAPSHOT @ /home/ashpan/workspace/examples/simple-webapp/pom.xml.
2021-11-03 14:50:05,898 [Worker-1: Initialize Workspace] INFO  o.e.m.c.i.e.AbstractTransferListenerAdapter - Downloading https://repo.maven.apache.org/maven2/org/jboss/spec/javax/servlet/jboss-servlet-api_3.1_spec/1.0.0.Final/jboss-servlet-api_3.1_spec-1.0.0.Final.pom
2021-11-03 14:50:05,925 [Worker-1: Initialize Workspace] INFO  o.e.m.c.i.e.AbstractTransferListenerAdapter - Downloaded https://repo.maven.apache.org/maven2/org/jboss/spec/javax/servlet/jboss-servlet-api_3.1_spec/1.0.0.Final/jboss-servlet-api_3.1_spec-1.0.0.Final.pom
2021-11-03 14:50:05,947 [Worker-1: Initialize Workspace] INFO  o.e.m.c.i.e.AbstractTransferListenerAdapter - Downloading https://repo.maven.apache.org/maven2/org/jboss/spec/javax/servlet/jboss-servlet-api_3.1_spec/1.0.0.Final/jboss-servlet-api_3.1_spec-1.0.0.Final.jar
2021-11-03 14:50:06,019 [Worker-1: Initialize Workspace] INFO  o.e.m.c.i.e.AbstractTransferListenerAdapter - Downloaded https://repo.maven.apache.org/maven2/org/jboss/spec/javax/servlet/jboss-servlet-api_3.1_spec/1.0.0.Final/jboss-servlet-api_3.1_spec-1.0.0.Final.jar
2021-11-03 14:50:06,106 [Worker-1: Initialize Workspace] INFO  o.e.m.j.i.AbstractJavaProjectConfigurator - Adding source folder /simple-webapp/src/main/java
2021-11-03 14:50:06,107 [Worker-1: Initialize Workspace] INFO  o.e.m.j.i.AbstractJavaProjectConfigurator - Adding source folder /simple-webapp/src/test/java
2021-11-03 14:50:06,170 [Worker-1: Initialize Workspace] INFO  o.e.m.c.i.p.ProjectConfigurationManager - Imported and configured 1 project(s) in 1 sec
2021-11-03 14:50:06,928 [Worker-2: Building] WARN  o.e.m.c.i.embedder.EclipseLogger - Using platform encoding (utf8 actually) to copy filtered resources, i.e. build is platform dependent!
2021-11-03 14:50:06,928 [Worker-2: Building] INFO  o.e.m.c.i.embedder.EclipseLogger - skip non existing resourceDirectory /home/ashpan/workspace/examples/simple-webapp/src/main/resources
2021-11-03 14:50:06,929 [Worker-2: Building] WARN  o.e.m.c.i.embedder.EclipseLogger - Using platform encoding (utf8 actually) to copy filtered resources, i.e. build is platform dependent!
2021-11-03 14:50:06,930 [Worker-2: Building] INFO  o.e.m.c.i.embedder.EclipseLogger - skip non existing resourceDirectory /home/ashpan/workspace/examples/simple-webapp/src/test/resources
2021-11-03 14:50:15,310 [Worker-1: Building] WARN  o.e.m.c.i.embedder.EclipseLogger - Using platform encoding (utf8 actually) to copy filtered resources, i.e. build is platform dependent!
2021-11-03 14:50:15,310 [Worker-1: Building] INFO  o.e.m.c.i.embedder.EclipseLogger - skip non existing resourceDirectory /home/ashpan/workspace/examples/simple-webapp/src/main/resources
2021-11-03 14:50:15,311 [Worker-1: Building] WARN  o.e.m.c.i.embedder.EclipseLogger - Using platform encoding (utf8 actually) to copy filtered resources, i.e. build is platform dependent!
2021-11-03 14:50:15,311 [Worker-1: Building] INFO  o.e.m.c.i.embedder.EclipseLogger - skip non existing resourceDirectory /home/ashpan/workspace/examples/simple-webapp/src/test/resources
2021-11-03 15:11:19,650 [Worker-5: Download sources and javadoc] INFO  o.e.m.c.i.e.AbstractTransferListenerAdapter - Downloading https://repo.maven.apache.org/maven2/org/jboss/spec/javax/servlet/jboss-servlet-api_3.1_spec/1.0.0.Final/jboss-servlet-api_3.1_spec-1.0.0.Final-sources.jar
2021-11-03 15:11:19,716 [Worker-5: Download sources and javadoc] INFO  o.e.m.c.i.e.AbstractTransferListenerAdapter - Downloaded https://repo.maven.apache.org/maven2/org/jboss/spec/javax/servlet/jboss-servlet-api_3.1_spec/1.0.0.Final/jboss-servlet-api_3.1_spec-1.0.0.Final-sources.jar
2021-11-03 15:11:19,717 [Worker-5: Download sources and javadoc] INFO  o.e.m.j.internal.DownloadSourcesJob - Downloaded sources for org.jboss.spec.javax.servlet:jboss-servlet-api_3.1_spec:1.0.0.Final
2021-11-03 15:11:19,769 [Worker-5: Download sources and javadoc] INFO  o.e.m.c.i.e.AbstractTransferListenerAdapter - Downloading https://repo.maven.apache.org/maven2/org/jboss/spec/javax/servlet/jboss-servlet-api_3.1_spec/1.0.0.Final/jboss-servlet-api_3.1_spec-1.0.0.Final-javadoc.jar
2021-11-03 15:11:19,852 [Worker-5: Download sources and javadoc] INFO  o.e.m.c.i.e.AbstractTransferListenerAdapter - Downloaded https://repo.maven.apache.org/maven2/org/jboss/spec/javax/servlet/jboss-servlet-api_3.1_spec/1.0.0.Final/jboss-servlet-api_3.1_spec-1.0.0.Final-javadoc.jar
2021-11-03 15:11:19,852 [Worker-5: Download sources and javadoc] INFO  o.e.m.j.internal.DownloadSourcesJob - Downloaded javadoc for org.jboss.spec.javax.servlet:jboss-servlet-api_3.1_spec:1.0.0.Final
2021-11-03 15:11:20,093 [Worker-1: Building] WARN  o.e.m.c.i.embedder.EclipseLogger - Using platform encoding (utf8 actually) to copy filtered resources, i.e. build is platform dependent!
2021-11-03 15:11:20,094 [Worker-1: Building] INFO  o.e.m.c.i.embedder.EclipseLogger - skip non existing resourceDirectory /home/ashpan/workspace/examples/simple-webapp/src/main/resources
2021-11-03 15:11:20,095 [Worker-1: Building] WARN  o.e.m.c.i.embedder.EclipseLogger - Using platform encoding (utf8 actually) to copy filtered resources, i.e. build is platform dependent!
2021-11-03 15:11:20,095 [Worker-1: Building] INFO  o.e.m.c.i.embedder.EclipseLogger - skip non existing resourceDirectory /home/ashpan/workspace/examples/simple-webapp/src/test/resources
2021-11-03 15:11:41,264 [Worker-8: Building] WARN  o.e.m.c.i.embedder.EclipseLogger - Using platform encoding (utf8 actually) to copy filtered resources, i.e. build is platform dependent!
2021-11-03 15:11:41,264 [Worker-8: Building] INFO  o.e.m.c.i.embedder.EclipseLogger - skip non existing resourceDirectory /home/ashpan/workspace/examples/simple-webapp/src/main/resources
2021-11-03 15:11:41,265 [Worker-8: Building] WARN  o.e.m.c.i.embedder.EclipseLogger - Using platform encoding (utf8 actually) to copy filtered resources, i.e. build is platform dependent!
2021-11-03 15:11:41,265 [Worker-8: Building] INFO  o.e.m.c.i.embedder.EclipseLogger - skip non existing resourceDirectory /home/ashpan/workspace/examples/simple-webapp/src/test/resources
2021-11-03 15:12:22,696 [Worker-5: Building] WARN  o.e.m.c.i.embedder.EclipseLogger - Using platform encoding (utf8 actually) to copy filtered resources, i.e. build is platform dependent!
2021-11-03 15:12:22,696 [Worker-5: Building] INFO  o.e.m.c.i.embedder.EclipseLogger - skip non existing resourceDirectory /home/ashpan/workspace/examples/simple-webapp/src/main/resources
2021-11-03 15:12:22,697 [Worker-5: Building] WARN  o.e.m.c.i.embedder.EclipseLogger - Using platform encoding (utf8 actually) to copy filtered resources, i.e. build is platform dependent!
2021-11-03 15:12:22,697 [Worker-5: Building] INFO  o.e.m.c.i.embedder.EclipseLogger - skip non existing resourceDirectory /home/ashpan/workspace/examples/simple-webapp/src/test/resources
2021-11-03 15:12:43,157 [Worker-5: Building] WARN  o.e.m.c.i.embedder.EclipseLogger - Using platform encoding (utf8 actually) to copy filtered resources, i.e. build is platform dependent!
2021-11-03 15:12:43,157 [Worker-5: Building] INFO  o.e.m.c.i.embedder.EclipseLogger - skip non existing resourceDirectory /home/ashpan/workspace/examples/simple-webapp/src/main/resources
2021-11-03 15:12:43,158 [Worker-5: Building] WARN  o.e.m.c.i.embedder.EclipseLogger - Using platform encoding (utf8 actually) to copy filtered resources, i.e. build is platform dependent!
2021-11-03 15:12:43,158 [Worker-5: Building] INFO  o.e.m.c.i.embedder.EclipseLogger - skip non existing resourceDirectory /home/ashpan/workspace/examples/simple-webapp/src/test/resources
2021-11-03 16:52:48,418 [Worker-8: Building] WARN  o.e.m.c.i.embedder.EclipseLogger - Using platform encoding (utf8 actually) to copy filtered resources, i.e. build is platform dependent!
2021-11-03 16:52:48,419 [Worker-8: Building] INFO  o.e.m.c.i.embedder.EclipseLogger - skip non existing resourceDirectory /home/ashpan/workspace/examples/simple-webapp/src/main/resources
2021-11-03 16:52:48,420 [Worker-8: Building] WARN  o.e.m.c.i.embedder.EclipseLogger - Using platform encoding (utf8 actually) to copy filtered resources, i.e. build is platform dependent!
2021-11-03 16:52:48,420 [Worker-8: Building] INFO  o.e.m.c.i.embedder.EclipseLogger - skip non existing resourceDirectory /home/ashpan/workspace/examples/simple-webapp/src/test/resources
2021-11-03 16:53:54,891 [Worker-8: Building] WARN  o.e.m.c.i.embedder.EclipseLogger - Using platform encoding (utf8 actually) to copy filtered resources, i.e. build is platform dependent!
2021-11-03 16:53:54,891 [Worker-8: Building] INFO  o.e.m.c.i.embedder.EclipseLogger - skip non existing resourceDirectory /home/ashpan/workspace/examples/simple-webapp/src/main/resources
2021-11-03 16:53:54,894 [Worker-8: Building] WARN  o.e.m.c.i.embedder.EclipseLogger - Using platform encoding (utf8 actually) to copy filtered resources, i.e. build is platform dependent!
2021-11-03 16:53:54,895 [Worker-8: Building] INFO  o.e.m.c.i.embedder.EclipseLogger - skip non existing resourceDirectory /home/ashpan/workspace/examples/simple-webapp/src/test/resources
2021-11-03 16:54:06,124 [Worker-8: Building] WARN  o.e.m.c.i.embedder.EclipseLogger - Using platform encoding (utf8 actually) to copy filtered resources, i.e. build is platform dependent!
2021-11-03 16:54:06,124 [Worker-8: Building] INFO  o.e.m.c.i.embedder.EclipseLogger - skip non existing resourceDirectory /home/ashpan/workspace/examples/simple-webapp/src/main/resources
2021-11-03 16:54:06,125 [Worker-8: Building] WARN  o.e.m.c.i.embedder.EclipseLogger - Using platform encoding (utf8 actually) to copy filtered resources, i.e. build is platform dependent!
2021-11-03 16:54:06,125 [Worker-8: Building] INFO  o.e.m.c.i.embedder.EclipseLogger - skip non existing resourceDirectory /home/ashpan/workspace/examples/simple-webapp/src/test/resources
2021-11-03 16:54:40,083 [Worker-8: Building] WARN  o.e.m.c.i.markers.MarkerUtils - Could not find OSGI service for org.eclipse.m2e.core.internal.markers.IEditorMarkerService
2021-11-03 16:54:40,270 [Worker-8: Building] INFO  o.e.m.c.i.l.LifecycleMappingFactory - Using org.eclipse.m2e.jdt.JarLifecycleMapping lifecycle mapping for MavenProject: org.wildfly.security.examples:simple-webapp:1.0.0.Alpha1-SNAPSHOT @ /home/ashpan/workspace/examples/simple-webapp/pom.xml.
2021-11-03 16:54:40,336 [Worker-8: Building] WARN  o.e.m.c.i.embedder.EclipseLogger - Using platform encoding (utf8 actually) to copy filtered resources, i.e. build is platform dependent!
2021-11-03 16:54:40,337 [Worker-8: Building] INFO  o.e.m.c.i.embedder.EclipseLogger - skip non existing resourceDirectory /home/ashpan/workspace/examples/simple-webapp/src/main/resources
2021-11-03 16:54:40,338 [Worker-8: Building] WARN  o.e.m.c.i.embedder.EclipseLogger - Using platform encoding (utf8 actually) to copy filtered resources, i.e. build is platform dependent!
2021-11-03 16:54:40,338 [Worker-8: Building] INFO  o.e.m.c.i.embedder.EclipseLogger - skip non existing resourceDirectory /home/ashpan/workspace/examples/simple-webapp/src/test/resources
2021-11-03 16:57:03,414 [Worker-8: Building] WARN  o.e.m.c.i.embedder.EclipseLogger - Using platform encoding (utf8 actually) to copy filtered resources, i.e. build is platform dependent!
2021-11-03 16:57:03,414 [Worker-8: Building] INFO  o.e.m.c.i.embedder.EclipseLogger - skip non existing resourceDirectory /home/ashpan/workspace/examples/simple-webapp/src/main/resources
2021-11-03 16:57:03,416 [Worker-8: Building] WARN  o.e.m.c.i.embedder.EclipseLogger - Using platform encoding (utf8 actually) to copy filtered resources, i.e. build is platform dependent!
2021-11-03 16:57:03,416 [Worker-8: Building] INFO  o.e.m.c.i.embedder.EclipseLogger - skip non existing resourceDirectory /home/ashpan/workspace/examples/simple-webapp/src/test/resources
2021-11-04 10:42:18,061 [Worker-1: Loading available Gradle versions] INFO  o.e.b.c.i.u.g.PublishedGradleVersions - Gradle version information cache is up-to-date. Trying to read.
2021-11-04 10:42:20,326 [Worker-3: Building] WARN  o.e.m.c.i.embedder.EclipseLogger - Using platform encoding (utf8 actually) to copy filtered resources, i.e. build is platform dependent!
2021-11-04 10:42:20,327 [Worker-3: Building] INFO  o.e.m.c.i.embedder.EclipseLogger - skip non existing resourceDirectory /home/ashpan/workspace/examples/simple-webapp/src/main/resources
2021-11-04 10:42:20,329 [Worker-3: Building] WARN  o.e.m.c.i.embedder.EclipseLogger - Using platform encoding (utf8 actually) to copy filtered resources, i.e. build is platform dependent!
2021-11-04 10:42:20,329 [Worker-3: Building] INFO  o.e.m.c.i.embedder.EclipseLogger - skip non existing resourceDirectory /home/ashpan/workspace/examples/simple-webapp/src/test/resources
